


	DXLIB2LMC  -  Add DX Symbol Information to LMC. Version 16.4.0.0
	(c) Copyright Mentor Graphics Corporation 2010.
	All Rights Reserved.

Processing logic_ventil
	Adding symbol DM74LS08_AND 
DXLIB2LMC utility complete



	DXLIB2LMC  -  Add DX Symbol Information to LMC. Version 16.4.0.0
	(c) Copyright Mentor Graphics Corporation 2010.
	All Rights Reserved.

Processing logic_ventil
	Adding symbol DM74LS_OR 
DXLIB2LMC utility complete



	DXLIB2LMC  -  Add DX Symbol Information to LMC. Version 16.4.0.0
	(c) Copyright Mentor Graphics Corporation 2010.
	All Rights Reserved.

Processing logic_ventil
	Adding symbol DM74LS_XOR 
DXLIB2LMC utility complete



	DXLIB2LMC  -  Add DX Symbol Information to LMC. Version 16.4.0.0
	(c) Copyright Mentor Graphics Corporation 2010.
	All Rights Reserved.

Processing logic_ventil
	Adding symbol 74LS04D_NOT 
DXLIB2LMC utility complete



	DXLIB2LMC  -  Add DX Symbol Information to LMC. Version 16.4.0.0
	(c) Copyright Mentor Graphics Corporation 2010.
	All Rights Reserved.

Processing logic_ventil
	Adding symbol AND 
DXLIB2LMC utility complete
