--------------------------------------------------------------------------------
 Project integration - START (2016-01-06 18:53:11) 
--------------------------------------------------------------------------------
FE snapshot name: DxD
BE snapshot name: Board1_layout_temp
Top level block: (2-1-5)
Parameters: FAConstraints,FEWin,
--------------------------------------------------------------------------------
--------------------------------------------------------------------------------
 CES synchronization - START (2016-01-06 18:53:11) 
--------------------------------------------------------------------------------

--------------------------------------------------------------------------------
 TOPOLOGY synchronization - START (2016-01-06 18:53:11) 
--------------------------------------------------------------------------------
--------------------------------------------------------------------------------
 TOPOLOGY synchronization - END (2016-01-06 18:53:11) 
--------------------------------------------------------------------------------
--------------------------------------------------------------------------------
 CES synchronization - END (2016-01-06 18:53:11) 
--------------------------------------------------------------------------------
--------------------------------------------------------------------------------
 Project integration - END (2016-01-06 18:53:11) 
--------------------------------------------------------------------------------
