--------------------------------------------------------------------------------
 Project integration - START (2016-01-14 19:31:45) 
--------------------------------------------------------------------------------
FE snapshot name: DxD
BE snapshot name: Board1_layout_temp
Top level block: (2-1-5)
Parameters: FAConstraints,FEWin,
--------------------------------------------------------------------------------
--------------------------------------------------------------------------------
 CES synchronization - START (2016-01-14 19:31:45) 
--------------------------------------------------------------------------------

--------------------------------------------------------------------------------
 TOPOLOGY synchronization - START (2016-01-14 19:31:45) 
--------------------------------------------------------------------------------
--------------------------------------------------------------------------------
 TOPOLOGY synchronization - END (2016-01-14 19:31:45) 
--------------------------------------------------------------------------------
[Skipped][Addition] - [FE->BE] [P: CesPhysicalNet,OpSel7B,(2-3-49)] [O: CesConstraint,POWERNET_PINCOUNT_TYPE,(1-1-22)]
[Skipped][Addition] - [FE->BE] [P: CesPin,?,(2-73-52)] [O: CesConstraint,ASSIGN_PIN_GROUP,(2-100-22)]
[Skipped][Addition] - [FE->BE] [P: CesPin,?,(2-74-52)] [O: CesConstraint,ASSIGN_PIN_GROUP,(2-101-22)]
[Skipped][Addition] - [FE->BE] [P: CesPin,?,(2-75-52)] [O: CesConstraint,ASSIGN_PIN_GROUP,(2-102-22)]
[Skipped][Addition] - [FE->BE] [P: CesPin,?,(2-76-52)] [O: CesConstraint,ASSIGN_PIN_GROUP,(2-103-22)]
[Skipped][Addition] - [FE->BE] [P: CesPin,?,(2-77-52)] [O: CesConstraint,ASSIGN_PIN_GROUP,(2-104-22)]
[Skipped][Addition] - [FE->BE] [P: CesPin,?,(2-78-52)] [O: CesConstraint,ASSIGN_PIN_GROUP,(2-105-22)]
[Skipped][Addition] - [FE->BE] [P: CesPin,?,(2-79-52)] [O: CesConstraint,ASSIGN_PIN_GROUP,(2-106-22)]
[Skipped][Addition] - [FE->BE] [P: CesPin,?,(2-80-52)] [O: CesConstraint,ASSIGN_PIN_GROUP,(2-107-22)]
[Skipped][Addition] - [FE->BE] [P: CesPin,?,(2-81-52)] [O: CesConstraint,ASSIGN_PIN_GROUP,(2-108-22)]
[Skipped][Addition] - [FE->BE] [P: CesPin,?,(2-82-52)] [O: CesConstraint,ASSIGN_PIN_GROUP,(2-109-22)]
[Skipped][Addition] - [FE->BE] [P: CesPin,?,(2-83-52)] [O: CesConstraint,ASSIGN_PIN_GROUP,(2-110-22)]
[Skipped][Addition] - [FE->BE] [P: CesPin,?,(2-84-52)] [O: CesConstraint,ASSIGN_PIN_GROUP,(2-111-22)]
[Skipped][Addition] - [FE->BE] [P: CesPin,?,(2-85-52)] [O: CesConstraint,ASSIGN_PIN_GROUP,(2-112-22)]
[Skipped][Addition] - [FE->BE] [P: CesPin,?,(2-86-52)] [O: CesConstraint,ASSIGN_PIN_GROUP,(2-113-22)]
[Skipped][Addition] - [FE->BE] [P: CesPin,?,(2-87-52)] [O: CesConstraint,ASSIGN_PIN_GROUP,(2-114-22)]
[Skipped][Addition] - [FE->BE] [P: CesPin,?,(2-88-52)] [O: CesConstraint,ASSIGN_PIN_GROUP,(2-115-22)]
[Skipped][Addition] - [FE->BE] [P: CesPin,?,(2-89-52)] [O: CesConstraint,ASSIGN_PIN_GROUP,(2-116-22)]
[Skipped][Addition] - [FE->BE] [P: CesPin,?,(2-90-52)] [O: CesConstraint,ASSIGN_PIN_GROUP,(2-117-22)]
[Skipped][Addition] - [FE->BE] [P: CesPin,?,(2-91-52)] [O: CesConstraint,ASSIGN_PIN_GROUP,(2-118-22)]
[Skipped][Addition] - [FE->BE] [P: CesPin,?,(2-92-52)] [O: CesConstraint,ASSIGN_PIN_GROUP,(2-119-22)]
[Skipped][Addition] - [FE->BE] [P: CesPin,?,(2-93-52)] [O: CesConstraint,ASSIGN_PIN_GROUP,(2-120-22)]
[Skipped][Addition] - [FE->BE] [P: CesPin,?,(2-94-52)] [O: CesConstraint,ASSIGN_PIN_GROUP,(2-121-22)]
[Skipped][Addition] - [FE->BE] [P: CesPin,?,(2-95-52)] [O: CesConstraint,ASSIGN_PIN_GROUP,(2-122-22)]
[Skipped][Addition] - [FE->BE] [P: CesPin,?,(2-96-52)] [O: CesConstraint,ASSIGN_PIN_GROUP,(2-123-22)]
[Skipped][Addition] - [FE->BE] [P: CesPin,?,(2-97-52)] [O: CesConstraint,ASSIGN_PIN_GROUP,(2-124-22)]
[Skipped][Addition] - [FE->BE] [P: CesPin,?,(2-98-52)] [O: CesConstraint,ASSIGN_PIN_GROUP,(2-125-22)]
[Skipped][Addition] - [FE->BE] [P: CesPin,?,(2-99-52)] [O: CesConstraint,ASSIGN_PIN_GROUP,(2-126-22)]
[Skipped][Addition] - [FE->BE] [P: CesPin,?,(2-100-52)] [O: CesConstraint,ASSIGN_PIN_GROUP,(2-127-22)]
[Skipped][Addition] - [FE->BE] [P: CesPin,?,(2-101-52)] [O: CesConstraint,ASSIGN_PIN_GROUP,(2-128-22)]
[Skipped][Addition] - [FE->BE] [P: CesPin,?,(2-102-52)] [O: CesConstraint,ASSIGN_PIN_GROUP,(2-129-22)]
[Skipped][Addition] - [FE->BE] [P: CesPin,?,(2-103-52)] [O: CesConstraint,ASSIGN_PIN_GROUP,(2-130-22)]
[Skipped][Addition] - [FE->BE] [P: CesPin,?,(2-104-52)] [O: CesConstraint,ASSIGN_PIN_GROUP,(2-131-22)]
[Skipped][Addition] - [FE->BE] [P: CesPin,?,(2-105-52)] [O: CesConstraint,ASSIGN_PIN_GROUP,(2-132-22)]
[Skipped][Addition] - [FE->BE] [P: CesPin,?,(2-106-52)] [O: CesConstraint,ASSIGN_PIN_GROUP,(2-133-22)]
[Skipped][Addition] - [FE->BE] [P: CesPin,?,(2-107-52)] [O: CesConstraint,ASSIGN_PIN_GROUP,(2-134-22)]
[Skipped][Addition] - [FE->BE] [P: CesPin,?,(2-108-52)] [O: CesConstraint,ASSIGN_PIN_GROUP,(2-135-22)]
[Skipped][Addition] - [FE->BE] [P: CesPin,?,(2-109-52)] [O: CesConstraint,ASSIGN_PIN_GROUP,(2-136-22)]
[Skipped][Addition] - [FE->BE] [P: CesPin,?,(2-110-52)] [O: CesConstraint,ASSIGN_PIN_GROUP,(2-137-22)]
[Skipped][Addition] - [FE->BE] [P: CesPin,?,(2-111-52)] [O: CesConstraint,ASSIGN_PIN_GROUP,(2-138-22)]
[Skipped][Addition] - [FE->BE] [P: CesPin,?,(2-112-52)] [O: CesConstraint,ASSIGN_PIN_GROUP,(2-139-22)]
[Skipped][Addition] - [FE->BE] [P: CesPin,?,(2-113-52)] [O: CesConstraint,ASSIGN_PIN_GROUP,(2-140-22)]
[Skipped][Addition] - [FE->BE] [P: CesPin,?,(2-114-52)] [O: CesConstraint,ASSIGN_PIN_GROUP,(2-141-22)]
[Skipped][Addition] - [FE->BE] [P: CesPin,?,(2-115-52)] [O: CesConstraint,ASSIGN_PIN_GROUP,(2-142-22)]
[Skipped][Addition] - [FE->BE] [P: CesPin,?,(2-116-52)] [O: CesConstraint,ASSIGN_PIN_GROUP,(2-143-22)]
[Skipped][Addition] - [FE->BE] [P: CesPin,?,(2-117-52)] [O: CesConstraint,ASSIGN_PIN_GROUP,(2-144-22)]
[Skipped][Addition] - [FE->BE] [P: CesPin,?,(2-118-52)] [O: CesConstraint,ASSIGN_PIN_GROUP,(2-145-22)]
[Skipped][Addition] - [FE->BE] [P: CesPin,?,(2-119-52)] [O: CesConstraint,ASSIGN_PIN_GROUP,(2-146-22)]
[Skipped][Addition] - [FE->BE] [P: CesPin,?,(2-120-52)] [O: CesConstraint,ASSIGN_PIN_GROUP,(2-147-22)]
[Skipped][Addition] - [FE->BE] [P: CesPin,?,(2-121-52)] [O: CesConstraint,ASSIGN_PIN_GROUP,(2-148-22)]
[Skipped][Addition] - [FE->BE] [P: CesPin,?,(2-122-52)] [O: CesConstraint,ASSIGN_PIN_GROUP,(2-149-22)]
[Skipped][Addition] - [FE->BE] [P: CesPin,?,(2-123-52)] [O: CesConstraint,ASSIGN_PIN_GROUP,(2-150-22)]
[Skipped][Addition] - [FE->BE] [P: CesPin,?,(2-124-52)] [O: CesConstraint,ASSIGN_PIN_GROUP,(2-151-22)]
[Skipped][Addition] - [FE->BE] [P: CesPin,?,(2-125-52)] [O: CesConstraint,ASSIGN_PIN_GROUP,(2-152-22)]
[Skipped][Addition] - [FE->BE] [P: CesPin,?,(2-126-52)] [O: CesConstraint,ASSIGN_PIN_GROUP,(2-153-22)]
[Skipped][Addition] - [FE->BE] [P: CesPin,?,(2-127-52)] [O: CesConstraint,ASSIGN_PIN_GROUP,(2-154-22)]
[Skipped][Addition] - [FE->BE] [P: CesPin,?,(2-128-52)] [O: CesConstraint,ASSIGN_PIN_GROUP,(2-155-22)]
[Skipped][Addition] - [FE->BE] [P: CesPin,?,(2-129-52)] [O: CesConstraint,ASSIGN_PIN_GROUP,(2-156-22)]
[Skipped][Addition] - [FE->BE] [P: CesPin,?,(2-130-52)] [O: CesConstraint,ASSIGN_PIN_GROUP,(2-157-22)]
[Skipped][Addition] - [FE->BE] [P: CesPin,?,(2-131-52)] [O: CesConstraint,ASSIGN_PIN_GROUP,(2-158-22)]
[Skipped][Addition] - [FE->BE] [P: CesPin,?,(2-132-52)] [O: CesConstraint,ASSIGN_PIN_GROUP,(2-159-22)]
[Skipped][Addition] - [FE->BE] [P: CesPin,?,(2-133-52)] [O: CesConstraint,ASSIGN_PIN_GROUP,(2-160-22)]
[Skipped][Addition] - [FE->BE] [P: CesPin,?,(2-134-52)] [O: CesConstraint,ASSIGN_PIN_GROUP,(2-161-22)]
[Skipped][Addition] - [FE->BE] [P: CesPin,?,(2-135-52)] [O: CesConstraint,ASSIGN_PIN_GROUP,(2-162-22)]
[Skipped][Addition] - [FE->BE] [P: CesPin,?,(2-136-52)] [O: CesConstraint,ASSIGN_PIN_GROUP,(2-163-22)]
[Skipped][Addition] - [FE->BE] [P: CesPin,?,(2-137-52)] [O: CesConstraint,ASSIGN_PIN_GROUP,(2-164-22)]
[Skipped][Addition] - [FE->BE] [P: CesPin,?,(2-138-52)] [O: CesConstraint,ASSIGN_PIN_GROUP,(2-165-22)]
[Skipped][Addition] - [FE->BE] [P: CesPin,?,(2-139-52)] [O: CesConstraint,ASSIGN_PIN_GROUP,(2-166-22)]
[Skipped][Addition] - [FE->BE] [P: CesPin,?,(2-140-52)] [O: CesConstraint,ASSIGN_PIN_GROUP,(2-167-22)]
[Skipped][Addition] - [FE->BE] [P: CesPin,?,(2-141-52)] [O: CesConstraint,ASSIGN_PIN_GROUP,(2-168-22)]
[Skipped][Addition] - [FE->BE] [P: CesPin,?,(2-142-52)] [O: CesConstraint,ASSIGN_PIN_GROUP,(2-169-22)]
[Skipped][Addition] - [FE->BE] [P: CesPin,?,(2-143-52)] [O: CesConstraint,ASSIGN_PIN_GROUP,(2-170-22)]
[Skipped][Addition] - [FE->BE] [P: CesPin,?,(2-144-52)] [O: CesConstraint,ASSIGN_PIN_GROUP,(2-171-22)]
[Skipped][Addition] - [FE->BE] [P: CesPin,?,(2-145-52)] [O: CesConstraint,ASSIGN_PIN_GROUP,(2-172-22)]
[Skipped][Addition] - [FE->BE] [P: CesPin,?,(2-146-52)] [O: CesConstraint,ASSIGN_PIN_GROUP,(2-173-22)]
[Skipped][Addition] - [FE->BE] [P: CesPin,?,(2-147-52)] [O: CesConstraint,ASSIGN_PIN_GROUP,(2-174-22)]
[Skipped][Addition] - [FE->BE] [P: CesPin,?,(2-148-52)] [O: CesConstraint,ASSIGN_PIN_GROUP,(2-175-22)]
[Skipped][Addition] - [FE->BE] [P: CesPin,?,(2-149-52)] [O: CesConstraint,ASSIGN_PIN_GROUP,(2-176-22)]
[Skipped][Addition] - [FE->BE] [P: CesPin,?,(2-150-52)] [O: CesConstraint,ASSIGN_PIN_GROUP,(2-177-22)]
[Skipped][Addition] - [FE->BE] [P: CesPin,?,(2-151-52)] [O: CesConstraint,ASSIGN_PIN_GROUP,(2-178-22)]
[Skipped][Addition] - [FE->BE] [P: CesPin,?,(2-152-52)] [O: CesConstraint,ASSIGN_PIN_GROUP,(2-179-22)]
[Skipped][Addition] - [FE->BE] [P: CesPin,?,(2-153-52)] [O: CesConstraint,ASSIGN_PIN_GROUP,(2-180-22)]
[Skipped][Addition] - [FE->BE] [P: CesPin,?,(2-154-52)] [O: CesConstraint,ASSIGN_PIN_GROUP,(2-181-22)]
[Skipped][Addition] - [FE->BE] [P: CesPin,?,(2-155-52)] [O: CesConstraint,ASSIGN_PIN_GROUP,(2-182-22)]
[Skipped][Addition] - [FE->BE] [P: CesPin,?,(2-156-52)] [O: CesConstraint,ASSIGN_PIN_GROUP,(2-183-22)]
[Skipped][Addition] - [FE->BE] [P: CesPin,?,(2-157-52)] [O: CesConstraint,ASSIGN_PIN_GROUP,(2-184-22)]
[Skipped][Addition] - [FE->BE] [P: CesPin,?,(2-158-52)] [O: CesConstraint,ASSIGN_PIN_GROUP,(2-185-22)]
[Skipped][Addition] - [FE->BE] [P: CesPin,?,(2-159-52)] [O: CesConstraint,ASSIGN_PIN_GROUP,(2-186-22)]
[Skipped][Addition] - [FE->BE] [P: CesPin,?,(2-160-52)] [O: CesConstraint,ASSIGN_PIN_GROUP,(2-187-22)]
[Skipped][Addition] - [FE->BE] [P: CesPin,?,(2-161-52)] [O: CesConstraint,ASSIGN_PIN_GROUP,(2-188-22)]
[Skipped][Addition] - [FE->BE] [P: CesPin,?,(2-162-52)] [O: CesConstraint,ASSIGN_PIN_GROUP,(2-189-22)]
[Skipped][Addition] - [FE->BE] [P: CesPin,?,(2-163-52)] [O: CesConstraint,ASSIGN_PIN_GROUP,(2-190-22)]
[Skipped][Addition] - [FE->BE] [P: CesPin,?,(2-164-52)] [O: CesConstraint,ASSIGN_PIN_GROUP,(2-191-22)]
[Skipped][Addition] - [FE->BE] [P: CesPin,?,(2-165-52)] [O: CesConstraint,ASSIGN_PIN_GROUP,(2-192-22)]
[Skipped][Addition] - [FE->BE] [P: CesPin,?,(2-166-52)] [O: CesConstraint,ASSIGN_PIN_GROUP,(2-193-22)]
[Skipped][Addition] - [FE->BE] [P: CesPin,?,(2-167-52)] [O: CesConstraint,ASSIGN_PIN_GROUP,(2-194-22)]
[Skipped][Addition] - [FE->BE] [P: CesPin,?,(2-168-52)] [O: CesConstraint,ASSIGN_PIN_GROUP,(2-195-22)]
[Skipped][Addition] - [FE->BE] [P: CesPin,?,(2-169-52)] [O: CesConstraint,ASSIGN_PIN_GROUP,(2-196-22)]
[Skipped][Addition] - [FE->BE] [P: CesPin,?,(2-170-52)] [O: CesConstraint,ASSIGN_PIN_GROUP,(2-197-22)]
[Skipped][Addition] - [FE->BE] [P: CesPin,?,(2-171-52)] [O: CesConstraint,ASSIGN_PIN_GROUP,(2-198-22)]
[Skipped][Addition] - [FE->BE] [P: CesPin,?,(2-172-52)] [O: CesConstraint,ASSIGN_PIN_GROUP,(2-199-22)]
[Skipped][Addition] - [FE->BE] [P: CesPin,?,(2-173-52)] [O: CesConstraint,ASSIGN_PIN_GROUP,(2-200-22)]
[Skipped][Addition] - [FE->BE] [P: CesPin,?,(2-174-52)] [O: CesConstraint,ASSIGN_PIN_GROUP,(2-201-22)]
[Skipped][Addition] - [FE->BE] [P: CesPin,?,(2-175-52)] [O: CesConstraint,ASSIGN_PIN_GROUP,(2-202-22)]
[Skipped][Addition] - [FE->BE] [P: CesPin,?,(2-176-52)] [O: CesConstraint,ASSIGN_PIN_GROUP,(2-203-22)]
[Skipped][Addition] - [FE->BE] [P: CesPin,?,(2-177-52)] [O: CesConstraint,ASSIGN_PIN_GROUP,(2-204-22)]
[Skipped][Addition] - [FE->BE] [P: CesPin,?,(2-178-52)] [O: CesConstraint,ASSIGN_PIN_GROUP,(2-205-22)]
[Skipped][Addition] - [FE->BE] [P: CesPin,?,(2-179-52)] [O: CesConstraint,ASSIGN_PIN_GROUP,(2-206-22)]
[Skipped][Addition] - [FE->BE] [P: CesPin,?,(2-180-52)] [O: CesConstraint,ASSIGN_PIN_GROUP,(2-207-22)]
[Skipped][Addition] - [FE->BE] [P: CesPin,?,(2-181-52)] [O: CesConstraint,ASSIGN_PIN_GROUP,(2-208-22)]
[Skipped][Addition] - [FE->BE] [P: CesPin,?,(2-182-52)] [O: CesConstraint,ASSIGN_PIN_GROUP,(2-209-22)]
[Skipped][Addition] - [FE->BE] [P: CesPin,?,(2-183-52)] [O: CesConstraint,ASSIGN_PIN_GROUP,(2-210-22)]
[Skipped][Addition] - [FE->BE] [P: CesPin,?,(2-184-52)] [O: CesConstraint,ASSIGN_PIN_GROUP,(2-211-22)]
[Skipped][Addition] - [FE->BE] [P: CesPin,?,(2-185-52)] [O: CesConstraint,ASSIGN_PIN_GROUP,(2-212-22)]
[Skipped][Addition] - [FE->BE] [P: CesPin,?,(2-186-52)] [O: CesConstraint,ASSIGN_PIN_GROUP,(2-213-22)]
[Skipped][Addition] - [FE->BE] [P: CesPin,?,(2-187-52)] [O: CesConstraint,ASSIGN_PIN_GROUP,(2-214-22)]
[Skipped][Addition] - [FE->BE] [P: CesPin,?,(2-188-52)] [O: CesConstraint,ASSIGN_PIN_GROUP,(2-215-22)]
[Skipped][Addition] - [FE->BE] [P: CesPin,?,(2-189-52)] [O: CesConstraint,ASSIGN_PIN_GROUP,(2-216-22)]
[Skipped][Addition] - [FE->BE] [P: CesPin,?,(2-190-52)] [O: CesConstraint,ASSIGN_PIN_GROUP,(2-217-22)]
[Skipped][Addition] - [FE->BE] [P: CesPin,?,(2-191-52)] [O: CesConstraint,ASSIGN_PIN_GROUP,(2-218-22)]
[Skipped][Addition] - [FE->BE] [P: CesPin,?,(2-192-52)] [O: CesConstraint,ASSIGN_PIN_GROUP,(2-219-22)]
[Skipped][Addition] - [FE->BE] [P: CesPin,?,(2-193-52)] [O: CesConstraint,ASSIGN_PIN_GROUP,(2-220-22)]
[Skipped][Addition] - [FE->BE] [P: CesPin,?,(2-194-52)] [O: CesConstraint,ASSIGN_PIN_GROUP,(2-221-22)]
[Skipped][Addition] - [FE->BE] [P: CesPin,?,(2-195-52)] [O: CesConstraint,ASSIGN_PIN_GROUP,(2-222-22)]
[Skipped][Addition] - [FE->BE] [P: CesPin,?,(2-196-52)] [O: CesConstraint,ASSIGN_PIN_GROUP,(2-223-22)]
[Skipped][Addition] - [FE->BE] [P: CesPin,?,(2-197-52)] [O: CesConstraint,ASSIGN_PIN_GROUP,(2-224-22)]
[Skipped][Addition] - [FE->BE] [P: CesPin,?,(2-198-52)] [O: CesConstraint,ASSIGN_PIN_GROUP,(2-225-22)]
[Skipped][Addition] - [FE->BE] [P: CesPin,?,(2-199-52)] [O: CesConstraint,ASSIGN_PIN_GROUP,(2-226-22)]
[Skipped][Addition] - [FE->BE] [P: CesPin,?,(2-200-52)] [O: CesConstraint,ASSIGN_PIN_GROUP,(2-227-22)]
[Skipped][Addition] - [FE->BE] [P: CesPin,?,(2-201-52)] [O: CesConstraint,ASSIGN_PIN_GROUP,(2-228-22)]
[Skipped][Addition] - [FE->BE] [P: CesPin,?,(2-202-52)] [O: CesConstraint,ASSIGN_PIN_GROUP,(2-229-22)]
[Skipped][Addition] - [FE->BE] [P: CesPin,?,(2-203-52)] [O: CesConstraint,ASSIGN_PIN_GROUP,(2-230-22)]
[Skipped][Addition] - [FE->BE] [P: CesPin,?,(2-204-52)] [O: CesConstraint,ASSIGN_PIN_GROUP,(2-231-22)]
[Skipped][Addition] - [FE->BE] [P: CesPin,?,(2-205-52)] [O: CesConstraint,ASSIGN_PIN_GROUP,(2-232-22)]
[Skipped][Addition] - [FE->BE] [P: CesPin,?,(2-206-52)] [O: CesConstraint,ASSIGN_PIN_GROUP,(2-233-22)]
[Skipped][Addition] - [FE->BE] [P: CesPin,?,(2-207-52)] [O: CesConstraint,ASSIGN_PIN_GROUP,(2-234-22)]
[Skipped][Addition] - [FE->BE] [P: CesPin,?,(2-208-52)] [O: CesConstraint,ASSIGN_PIN_GROUP,(2-235-22)]
[Skipped][Addition] - [FE->BE] [P: CesPin,?,(2-209-52)] [O: CesConstraint,ASSIGN_PIN_GROUP,(2-236-22)]
[Skipped][Addition] - [FE->BE] [P: CesPin,?,(2-210-52)] [O: CesConstraint,ASSIGN_PIN_GROUP,(2-237-22)]
[Skipped][Addition] - [FE->BE] [P: CesPin,?,(2-211-52)] [O: CesConstraint,ASSIGN_PIN_GROUP,(2-238-22)]
[Skipped][Addition] - [FE->BE] [P: CesPin,?,(2-212-52)] [O: CesConstraint,ASSIGN_PIN_GROUP,(2-239-22)]
[Skipped][Addition] - [FE->BE] [P: CesPin,?,(2-213-52)] [O: CesConstraint,ASSIGN_PIN_GROUP,(2-240-22)]
[Skipped][Addition] - [FE->BE] [P: CesPin,?,(2-214-52)] [O: CesConstraint,ASSIGN_PIN_GROUP,(2-241-22)]
[Skipped][Addition] - [FE->BE] [P: CesPin,?,(2-215-52)] [O: CesConstraint,ASSIGN_PIN_GROUP,(2-242-22)]
[Skipped][Addition] - [FE->BE] [P: CesPin,?,(2-216-52)] [O: CesConstraint,ASSIGN_PIN_GROUP,(2-243-22)]
[Skipped][Addition] - [FE->BE] [P: CesPin,?,(2-217-52)] [O: CesConstraint,ASSIGN_PIN_GROUP,(2-244-22)]
[Skipped][Addition] - [FE->BE] [P: CesPin,?,(2-218-52)] [O: CesConstraint,ASSIGN_PIN_GROUP,(2-245-22)]
[Skipped][Addition] - [FE->BE] [P: CesPin,?,(2-219-52)] [O: CesConstraint,ASSIGN_PIN_GROUP,(2-246-22)]
[Skipped][Addition] - [FE->BE] [P: CesPin,?,(2-220-52)] [O: CesConstraint,ASSIGN_PIN_GROUP,(2-247-22)]
[Skipped][Addition] - [FE->BE] [P: CesPin,?,(2-221-52)] [O: CesConstraint,ASSIGN_PIN_GROUP,(2-248-22)]
[Skipped][Addition] - [FE->BE] [P: CesPin,?,(2-222-52)] [O: CesConstraint,ASSIGN_PIN_GROUP,(2-249-22)]
[Skipped][Addition] - [FE->BE] [P: CesPin,?,(2-223-52)] [O: CesConstraint,ASSIGN_PIN_GROUP,(2-250-22)]
[Skipped][Addition] - [FE->BE] [P: CesPin,?,(2-224-52)] [O: CesConstraint,ASSIGN_PIN_GROUP,(2-251-22)]
[Skipped][Addition] - [FE->BE] [P: CesPin,?,(2-225-52)] [O: CesConstraint,ASSIGN_PIN_GROUP,(2-252-22)]
[Skipped][Addition] - [FE->BE] [P: CesPin,?,(2-226-52)] [O: CesConstraint,ASSIGN_PIN_GROUP,(2-253-22)]
[Skipped][Addition] - [FE->BE] [P: CesPin,?,(2-227-52)] [O: CesConstraint,ASSIGN_PIN_GROUP,(2-254-22)]
[Skipped][Addition] - [FE->BE] [P: CesPin,?,(2-228-52)] [O: CesConstraint,ASSIGN_PIN_GROUP,(2-255-22)]
[Skipped][Addition] - [FE->BE] [P: CesPin,?,(2-229-52)] [O: CesConstraint,ASSIGN_PIN_GROUP,(2-256-22)]
[Skipped][Addition] - [FE->BE] [P: CesPin,?,(2-230-52)] [O: CesConstraint,ASSIGN_PIN_GROUP,(2-257-22)]
[Skipped][Addition] - [FE->BE] [P: CesPin,?,(2-231-52)] [O: CesConstraint,ASSIGN_PIN_GROUP,(2-258-22)]
[Skipped][Addition] - [FE->BE] [P: CesPin,?,(2-232-52)] [O: CesConstraint,ASSIGN_PIN_GROUP,(2-259-22)]
[Skipped][Addition] - [FE->BE] [P: CesPin,?,(2-233-52)] [O: CesConstraint,ASSIGN_PIN_GROUP,(2-260-22)]
[Skipped][Addition] - [FE->BE] [P: CesPin,?,(2-234-52)] [O: CesConstraint,ASSIGN_PIN_GROUP,(2-261-22)]
[Skipped][Addition] - [FE->BE] [P: CesPin,?,(2-235-52)] [O: CesConstraint,ASSIGN_PIN_GROUP,(2-262-22)]
[Skipped][Addition] - [FE->BE] [P: CesPin,?,(2-236-52)] [O: CesConstraint,ASSIGN_PIN_GROUP,(2-263-22)]
[Skipped][Addition] - [FE->BE] [P: CesPin,?,(2-237-52)] [O: CesConstraint,ASSIGN_PIN_GROUP,(2-264-22)]
[Skipped][Addition] - [FE->BE] [P: CesPin,?,(2-238-52)] [O: CesConstraint,ASSIGN_PIN_GROUP,(2-265-22)]
[Skipped][Addition] - [FE->BE] [P: CesPin,?,(2-239-52)] [O: CesConstraint,ASSIGN_PIN_GROUP,(2-266-22)]
[Skipped][Addition] - [FE->BE] [P: CesPin,?,(2-240-52)] [O: CesConstraint,ASSIGN_PIN_GROUP,(2-267-22)]
[Skipped][Addition] - [FE->BE] [P: CesPin,?,(2-241-52)] [O: CesConstraint,ASSIGN_PIN_GROUP,(2-268-22)]
[Skipped][Addition] - [FE->BE] [P: CesPin,?,(2-242-52)] [O: CesConstraint,ASSIGN_PIN_GROUP,(2-269-22)]
[Skipped][Addition] - [FE->BE] [P: CesPin,?,(2-243-52)] [O: CesConstraint,ASSIGN_PIN_GROUP,(2-270-22)]
[Skipped][Addition] - [FE->BE] [P: CesPin,?,(2-244-52)] [O: CesConstraint,ASSIGN_PIN_GROUP,(2-271-22)]
[Skipped][Addition] - [FE->BE] [P: CesPin,?,(2-245-52)] [O: CesConstraint,ASSIGN_PIN_GROUP,(2-272-22)]
[Skipped][Addition] - [FE->BE] [P: CesPin,?,(2-246-52)] [O: CesConstraint,ASSIGN_PIN_GROUP,(2-273-22)]
[Skipped][Addition] - [FE->BE] [P: CesPin,?,(2-247-52)] [O: CesConstraint,ASSIGN_PIN_GROUP,(2-274-22)]
[Skipped][Addition] - [FE->BE] [P: CesPin,?,(2-248-52)] [O: CesConstraint,ASSIGN_PIN_GROUP,(2-275-22)]
[Skipped][Addition] - [FE->BE] [P: CesPin,?,(2-249-52)] [O: CesConstraint,ASSIGN_PIN_GROUP,(2-276-22)]
[Skipped][Addition] - [FE->BE] [P: CesPin,?,(2-250-52)] [O: CesConstraint,ASSIGN_PIN_GROUP,(2-277-22)]
[Skipped][Addition] - [FE->BE] [P: CesPin,?,(2-251-52)] [O: CesConstraint,ASSIGN_PIN_GROUP,(2-278-22)]
[Skipped][Addition] - [FE->BE] [P: CesPin,?,(2-252-52)] [O: CesConstraint,ASSIGN_PIN_GROUP,(2-279-22)]
[Skipped][Addition] - [FE->BE] [P: CesPin,?,(2-253-52)] [O: CesConstraint,ASSIGN_PIN_GROUP,(2-280-22)]
[Skipped][Addition] - [FE->BE] [P: CesPin,?,(2-254-52)] [O: CesConstraint,ASSIGN_PIN_GROUP,(2-281-22)]
[Skipped][Addition] - [FE->BE] [P: CesPin,?,(2-255-52)] [O: CesConstraint,ASSIGN_PIN_GROUP,(2-282-22)]
[Skipped][Addition] - [FE->BE] [P: CesPin,?,(2-256-52)] [O: CesConstraint,ASSIGN_PIN_GROUP,(2-283-22)]
[Skipped][Addition] - [FE->BE] [P: CesPin,?,(2-257-52)] [O: CesConstraint,ASSIGN_PIN_GROUP,(2-284-22)]
[Skipped][Addition] - [FE->BE] [P: CesPin,?,(2-258-52)] [O: CesConstraint,ASSIGN_PIN_GROUP,(2-285-22)]
[Skipped][Addition] - [FE->BE] [P: CesPin,?,(2-259-52)] [O: CesConstraint,ASSIGN_PIN_GROUP,(2-286-22)]
[Skipped][Addition] - [FE->BE] [P: CesPin,?,(2-260-52)] [O: CesConstraint,ASSIGN_PIN_GROUP,(2-287-22)]
[Skipped][Addition] - [FE->BE] [P: CesPin,?,(2-261-52)] [O: CesConstraint,ASSIGN_PIN_GROUP,(2-288-22)]
[Skipped][Addition] - [FE->BE] [P: CesPin,?,(2-262-52)] [O: CesConstraint,ASSIGN_PIN_GROUP,(2-289-22)]
[Skipped][Addition] - [FE->BE] [P: CesPin,?,(2-263-52)] [O: CesConstraint,ASSIGN_PIN_GROUP,(2-290-22)]
[Skipped][Addition] - [FE->BE] [P: CesPin,?,(2-264-52)] [O: CesConstraint,ASSIGN_PIN_GROUP,(2-291-22)]
[Skipped][Addition] - [FE->BE] [P: CesPin,?,(2-265-52)] [O: CesConstraint,ASSIGN_PIN_GROUP,(2-292-22)]
[Skipped][Addition] - [FE->BE] [P: CesPin,?,(2-266-52)] [O: CesConstraint,ASSIGN_PIN_GROUP,(2-293-22)]
[Skipped][Addition] - [FE->BE] [P: CesPin,?,(2-267-52)] [O: CesConstraint,ASSIGN_PIN_GROUP,(2-294-22)]
[Skipped][Addition] - [FE->BE] [P: CesPin,?,(2-268-52)] [O: CesConstraint,ASSIGN_PIN_GROUP,(2-295-22)]
[Skipped][Addition] - [FE->BE] [P: CesPin,?,(2-269-52)] [O: CesConstraint,ASSIGN_PIN_GROUP,(2-296-22)]
[Skipped][Addition] - [FE->BE] [P: CesPin,?,(2-270-52)] [O: CesConstraint,ASSIGN_PIN_GROUP,(2-297-22)]
[Skipped][Addition] - [FE->BE] [P: CesPin,?,(2-271-52)] [O: CesConstraint,ASSIGN_PIN_GROUP,(2-298-22)]
[Skipped][Addition] - [FE->BE] [P: CesPin,?,(2-272-52)] [O: CesConstraint,ASSIGN_PIN_GROUP,(2-299-22)]
[Skipped][Addition] - [FE->BE] [P: CesPin,?,(2-273-52)] [O: CesConstraint,ASSIGN_PIN_GROUP,(2-300-22)]
[Skipped][Addition] - [FE->BE] [P: CesPin,?,(2-274-52)] [O: CesConstraint,ASSIGN_PIN_GROUP,(2-301-22)]
[Skipped][Addition] - [FE->BE] [P: CesPin,?,(2-275-52)] [O: CesConstraint,ASSIGN_PIN_GROUP,(2-302-22)]
[Skipped][Addition] - [FE->BE] [P: CesPin,?,(2-276-52)] [O: CesConstraint,ASSIGN_PIN_GROUP,(2-303-22)]
[Skipped][Addition] - [FE->BE] [P: CesPin,?,(2-277-52)] [O: CesConstraint,ASSIGN_PIN_GROUP,(2-304-22)]
[Skipped][Addition] - [FE->BE] [P: CesPin,?,(2-278-52)] [O: CesConstraint,ASSIGN_PIN_GROUP,(2-305-22)]
[Skipped][Addition] - [FE->BE] [P: CesPin,?,(2-279-52)] [O: CesConstraint,ASSIGN_PIN_GROUP,(2-306-22)]
[Skipped][Addition] - [FE->BE] [P: CesPin,?,(2-280-52)] [O: CesConstraint,ASSIGN_PIN_GROUP,(2-307-22)]
[Skipped][Addition] - [FE->BE] [P: CesPin,?,(2-281-52)] [O: CesConstraint,ASSIGN_PIN_GROUP,(2-308-22)]
[Skipped][Addition] - [FE->BE] [P: CesPin,?,(2-282-52)] [O: CesConstraint,ASSIGN_PIN_GROUP,(2-309-22)]
[Skipped][Addition] - [FE->BE] [P: CesPin,?,(2-283-52)] [O: CesConstraint,ASSIGN_PIN_GROUP,(2-310-22)]
[Skipped][Addition] - [FE->BE] [P: CesPin,?,(2-284-52)] [O: CesConstraint,ASSIGN_PIN_GROUP,(2-311-22)]
[Skipped][Addition] - [FE->BE] [P: CesPin,?,(2-285-52)] [O: CesConstraint,ASSIGN_PIN_GROUP,(2-312-22)]
[Skipped][Addition] - [FE->BE] [P: CesPin,?,(2-286-52)] [O: CesConstraint,ASSIGN_PIN_GROUP,(2-313-22)]
[Skipped][Addition] - [FE->BE] [P: CesPin,?,(2-287-52)] [O: CesConstraint,ASSIGN_PIN_GROUP,(2-314-22)]
[Skipped][Addition] - [FE->BE] [P: CesPin,?,(2-288-52)] [O: CesConstraint,ASSIGN_PIN_GROUP,(2-315-22)]
[Skipped][Addition] - [FE->BE] [P: CesPin,?,(2-289-52)] [O: CesConstraint,ASSIGN_PIN_GROUP,(2-316-22)]
[Skipped][Addition] - [FE->BE] [P: CesPin,?,(2-290-52)] [O: CesConstraint,ASSIGN_PIN_GROUP,(2-317-22)]
[Skipped][Addition] - [FE->BE] [P: CesPin,?,(2-291-52)] [O: CesConstraint,ASSIGN_PIN_GROUP,(2-318-22)]
[Skipped][Addition] - [FE->BE] [P: CesPin,?,(2-292-52)] [O: CesConstraint,ASSIGN_PIN_GROUP,(2-319-22)]
[Skipped][Addition] - [FE->BE] [P: CesPin,?,(2-293-52)] [O: CesConstraint,ASSIGN_PIN_GROUP,(2-320-22)]
[Skipped][Addition] - [FE->BE] [P: CesPin,?,(2-294-52)] [O: CesConstraint,ASSIGN_PIN_GROUP,(2-321-22)]
[Skipped][Addition] - [FE->BE] [P: CesPin,?,(2-295-52)] [O: CesConstraint,ASSIGN_PIN_GROUP,(2-322-22)]
[Skipped][Addition] - [FE->BE] [P: CesPin,?,(2-296-52)] [O: CesConstraint,ASSIGN_PIN_GROUP,(2-323-22)]
[Skipped][Addition] - [FE->BE] [P: CesPin,?,(2-297-52)] [O: CesConstraint,ASSIGN_PIN_GROUP,(2-324-22)]
[Skipped][Addition] - [FE->BE] [P: CesPin,?,(2-298-52)] [O: CesConstraint,ASSIGN_PIN_GROUP,(2-325-22)]
[Skipped][Addition] - [FE->BE] [P: CesPin,?,(2-299-52)] [O: CesConstraint,ASSIGN_PIN_GROUP,(2-326-22)]
[Skipped][Addition] - [FE->BE] [P: CesPin,?,(2-300-52)] [O: CesConstraint,ASSIGN_PIN_GROUP,(2-327-22)]
[Skipped][Addition] - [FE->BE] [P: CesPin,?,(2-301-52)] [O: CesConstraint,ASSIGN_PIN_GROUP,(2-328-22)]
[Skipped][Addition] - [FE->BE] [P: CesPin,?,(2-302-52)] [O: CesConstraint,ASSIGN_PIN_GROUP,(2-329-22)]
[Skipped][Addition] - [FE->BE] [P: CesPin,?,(2-303-52)] [O: CesConstraint,ASSIGN_PIN_GROUP,(2-330-22)]
[Skipped][Addition] - [FE->BE] [P: CesPin,?,(2-304-52)] [O: CesConstraint,ASSIGN_PIN_GROUP,(2-331-22)]
[Skipped][Addition] - [FE->BE] [P: CesPin,?,(2-305-52)] [O: CesConstraint,ASSIGN_PIN_GROUP,(2-332-22)]
[Skipped][Addition] - [FE->BE] [P: CesPin,?,(2-306-52)] [O: CesConstraint,ASSIGN_PIN_GROUP,(2-333-22)]
[Skipped][Addition] - [FE->BE] [P: CesPin,?,(2-307-52)] [O: CesConstraint,ASSIGN_PIN_GROUP,(2-334-22)]
[Skipped][Addition] - [FE->BE] [P: CesPin,?,(2-308-52)] [O: CesConstraint,ASSIGN_PIN_GROUP,(2-335-22)]
[Skipped][Addition] - [FE->BE] [P: CesPin,?,(2-309-52)] [O: CesConstraint,ASSIGN_PIN_GROUP,(2-336-22)]
[Skipped][Addition] - [FE->BE] [P: CesPin,?,(2-310-52)] [O: CesConstraint,ASSIGN_PIN_GROUP,(2-337-22)]
[Skipped][Addition] - [FE->BE] [P: CesPin,?,(2-311-52)] [O: CesConstraint,ASSIGN_PIN_GROUP,(2-338-22)]
[Skipped][Addition] - [FE->BE] [P: CesPin,?,(2-312-52)] [O: CesConstraint,ASSIGN_PIN_GROUP,(2-339-22)]
[Skipped][Addition] - [FE->BE] [P: CesPin,?,(2-313-52)] [O: CesConstraint,ASSIGN_PIN_GROUP,(2-340-22)]
[Skipped][Addition] - [FE->BE] [P: CesPin,?,(2-314-52)] [O: CesConstraint,ASSIGN_PIN_GROUP,(2-341-22)]
[Skipped][Addition] - [FE->BE] [P: CesPin,?,(2-315-52)] [O: CesConstraint,ASSIGN_PIN_GROUP,(2-342-22)]
[Skipped][Addition] - [FE->BE] [P: CesPin,?,(2-316-52)] [O: CesConstraint,ASSIGN_PIN_GROUP,(2-343-22)]
[Skipped][Addition] - [FE->BE] [P: CesPin,?,(2-317-52)] [O: CesConstraint,ASSIGN_PIN_GROUP,(2-344-22)]
[Skipped][Addition] - [FE->BE] [P: CesPin,?,(2-318-52)] [O: CesConstraint,ASSIGN_PIN_GROUP,(2-345-22)]
[Skipped][Addition] - [FE->BE] [P: CesPin,?,(2-319-52)] [O: CesConstraint,ASSIGN_PIN_GROUP,(2-346-22)]
[Skipped][Addition] - [FE->BE] [P: CesPin,?,(2-320-52)] [O: CesConstraint,ASSIGN_PIN_GROUP,(2-347-22)]
[Skipped][Addition] - [FE->BE] [P: CesPin,?,(2-321-52)] [O: CesConstraint,ASSIGN_PIN_GROUP,(2-348-22)]
[Skipped][Addition] - [FE->BE] [P: CesPin,?,(2-322-52)] [O: CesConstraint,ASSIGN_PIN_GROUP,(2-349-22)]
[Skipped][Addition] - [FE->BE] [P: CesPin,?,(2-323-52)] [O: CesConstraint,ASSIGN_PIN_GROUP,(2-350-22)]
[Skipped][Addition] - [FE->BE] [P: CesPin,?,(2-324-52)] [O: CesConstraint,ASSIGN_PIN_GROUP,(2-351-22)]
--------------------------------------------------------------------------------
 CES synchronization - END (2016-01-14 19:31:45) 
--------------------------------------------------------------------------------
--------------------------------------------------------------------------------
 Project integration - END (2016-01-14 19:31:45) 
--------------------------------------------------------------------------------
